#
# A fatal error has been detected by the Java Runtime Environment:
#
#  EXCEPTION_ACCESS_VIOLATION (0xc0000005) at pc=0x00007ffe1e939d06, pid=180804, tid=200080
#
# JRE version: OpenJDK Runtime Environment Temurin-17.0.4.1+1 (17.0.4.1+1) (build 17.0.4.1+1)
# Java VM: OpenJDK 64-Bit Server VM Temurin-17.0.4.1+1 (17.0.4.1+1, mixed mode, tiered, compressed oops, compressed class ptrs, parallel gc, windows-amd64)
# Problematic frame:
# V  [jvm.dll+0x6a9d06]
#
# No core dump will be written. Minidumps are not enabled by default on client versions of Windows
#
# If you would like to submit a bug report, please visit:
#   https://github.com/adoptium/adoptium-support/issues
#

---------------  S U M M A R Y ------------

Command Line: --add-modules=ALL-SYSTEM --add-opens=java.base/java.util=ALL-UNNAMED --add-opens=java.base/java.lang=ALL-UNNAMED --add-opens=java.base/sun.nio.fs=ALL-UNNAMED -Declipse.application=org.eclipse.jdt.ls.core.id1 -Dosgi.bundles.defaultStartLevel=4 -Declipse.product=org.eclipse.jdt.ls.core.product -Djava.import.generatesMetadataFilesAtProjectRoot=false -Dfile.encoding=utf8 -XX:+UseParallelGC -XX:GCTimeRatio=4 -XX:AdaptiveSizePolicyWeight=90 -Dsun.zip.disableMemoryMapping=true -Xmx1G -Xms100m -Xlog:disable -javaagent:c:\Users\Adriano\.vscode\extensions\redhat.java-1.12.0-win32-x64\lombok\lombok-1.18.24.jar -XX:+HeapDumpOnOutOfMemoryError -XX:HeapDumpPath=c:\Users\Adriano\AppData\Roaming\Code\User\workspaceStorage\10ba2e140f30b5d63f56070ee94e64da\redhat.java c:\Users\Adriano\.vscode\extensions\redhat.java-1.12.0-win32-x64\server\plugins\org.eclipse.equinox.launcher_1.6.400.v20210924-0641.jar -configuration c:\Users\Adriano\AppData\Roaming\Code\User\globalStorage\redhat.java\1.12.0\config_win -data c:\Users\Adriano\AppData\Roaming\Code\User\workspaceStorage\10ba2e140f30b5d63f56070ee94e64da\redhat.java\jdt_ws

Host: Intel(R) Core(TM) i7-7500U CPU @ 2.70GHz, 4 cores, 23G,  Windows 10 , 64 bit Build 19041 (10.0.19041.1889)
Time: Thu Nov  3 02:21:54 2022 Hora oficial do Brasil elapsed time: 6364.643228 seconds (0d 1h 46m 4s)

---------------  T H R E A D  ---------------

Current thread (0x00000198e2345840):  GCTaskThread "GC Thread#1" [stack: 0x0000004e4e300000,0x0000004e4e400000] [id=200080]

Stack: [0x0000004e4e300000,0x0000004e4e400000],  sp=0x0000004e4e3ffab0,  free space=1022k
Native frames: (J=compiled Java code, j=interpreted, Vv=VM code, C=native code)
V  [jvm.dll+0x6a9d06]
V  [jvm.dll+0x6aa1a2]
V  [jvm.dll+0x6b2641]
V  [jvm.dll+0x6b355a]
V  [jvm.dll+0x85f6bb]
V  [jvm.dll+0x85f706]
V  [jvm.dll+0x7e240a]
V  [jvm.dll+0x6761a5]
C  [ucrtbase.dll+0x21bb2]
C  [KERNEL32.DLL+0x17034]
C  [ntdll.dll+0x526a1]


siginfo: EXCEPTION_ACCESS_VIOLATION (0xc0000005), reading address 0xffffffffffffffff


Register to memory mapping:

RIP=0x00007ffe1e939d06 jvm.dll
RAX=0x1ffffffff5800000 is an unknown value
RBX=0x000000006c000000 is an unknown value
RCX=0x0 is NULL
RDX=0x00000198ddf20000 points into unknown readable memory: 0x0008002492120089 | 89 00 12 92 24 00 08 00
RSP=0x0000004e4e3ffab0 points into unknown readable memory: 0x00000000c5dbfea0 | a0 fe db c5 00 00 00 00
RBP=0x00000198dfff11d0 points into unknown readable memory: 0x00000198ca140150 | 50 01 14 ca 98 01 00 00
RSI=0x0000000000000004 is an unknown value
RDI=0x00000000c7b00044 is pointing into object: [Ljava.util.concurrent.ConcurrentHashMap$Node; 
{0x00000000c7ad0120} - klass: 'java/util/concurrent/ConcurrentHashMap$Node'[]
 - length: 65536
R8 =0x007fffffffd60000 is an unknown value
R9 =0x000000000000aa5c is an unknown value
R10=0x00000000c5dbfea0 is an oop: java.util.concurrent.ConcurrentHashMap$Node 
{0x00000000c5dbfea0} - klass: 'java/util/concurrent/ConcurrentHashMap$Node'
 - ---- fields (total size 4 words):
 - final 'hash' 'I' @12  136298436 (81fbfc4)
 - final 'key' 'Ljava/lang/Object;' @16  a 'jdk/internal/jrtfs/JrtPath'{0x00000000c5dbfec0} (c5dbfec0)
 - volatile 'val' 'Ljava/lang/Object;' @20  a 'java/util/Optional'{0x00000000c5dbff40} (c5dbff40)
 - volatile 'next' 'Ljava/util/concurrent/ConcurrentHashMap$Node;' @24  NULL (0)
R11=0x00000000000000bb is an unknown value
R12=0x0 is NULL
R13=0x0000000000000010 is an unknown value
R14=0x00000000c7b00130 is pointing into object: [Ljava.util.concurrent.ConcurrentHashMap$Node; 
{0x00000000c7ad0120} - klass: 'java/util/concurrent/ConcurrentHashMap$Node'[]
 - length: 65536
R15=0x00007ffe1eda26d0 jvm.dll


Registers:
RAX=0x1ffffffff5800000, RBX=0x000000006c000000, RCX=0x0000000000000000, RDX=0x00000198ddf20000
RSP=0x0000004e4e3ffab0, RBP=0x00000198dfff11d0, RSI=0x0000000000000004, RDI=0x00000000c7b00044
R8 =0x007fffffffd60000, R9 =0x000000000000aa5c, R10=0x00000000c5dbfea0, R11=0x00000000000000bb
R12=0x0000000000000000, R13=0x0000000000000010, R14=0x00000000c7b00130, R15=0x00007ffe1eda26d0
RIP=0x00007ffe1e939d06, EFLAGS=0x0000000000010206

Top of Stack: (sp=0x0000004e4e3ffab0)
0x0000004e4e3ffab0:   00000000c5dbfea0 00000000c7b00040
0x0000004e4e3ffac0:   00007ffe1eda26d0 00007ffe1eba98e0
0x0000004e4e3ffad0:   00007ffe1eba98e0 00007ffe1e93a1a2
0x0000004e4e3ffae0:   00000198dfff11d0 0000004e4e3ffb49
0x0000004e4e3ffaf0:   00007ffe1ec3e108 0000000000001fb9
0x0000004e4e3ffb00:   0000850b00001fb6 00007ffe1e93a6bd
0x0000004e4e3ffb10:   00000000c7ad0120 00007ffe0000b800
0x0000004e4e3ffb20:   00000000c03b4000 00007ffe1e9394d9
0x0000004e4e3ffb30:   00000198dfff11d0 00007ffe1e937f81
0x0000004e4e3ffb40:   00007ffe1eba98e0 00000198cc29eb10
0x0000004e4e3ffb50:   0000019800000003 00000198dfff11d0
0x0000004e4e3ffb60:   0000000000000000 0000000000000000
0x0000004e4e3ffb70:   0000000000000000 0000004e4d6fed20
0x0000004e4e3ffb80:   0000004e4d6fed28 00007ffe1eda26d0
0x0000004e4e3ffb90:   000000000000000c 00007ffe1ec3e108
0x0000004e4e3ffba0:   00000198dfff11d0 00007ffe1e942641 

Instructions: (pc=0x00007ffe1e939d06)
0x00007ffe1e939c06:   ff 48 39 b3 50 08 00 00 0f 85 e5 fe ff ff 48 83
0x00007ffe1e939c16:   c4 20 5f 5e 5b c3 cc cc cc cc 48 89 5c 24 08 48
0x00007ffe1e939c26:   89 6c 24 10 48 89 74 24 18 48 89 7c 24 20 41 56
0x00007ffe1e939c36:   48 83 ec 20 80 3d 1d f7 4b 00 00 bb 10 00 00 00
0x00007ffe1e939c46:   48 8b e9 4d 63 d0 4c 8b da 8b c3 8d 4b fc 0f 84
0x00007ffe1e939c56:   06 01 00 00 44 0f b6 0d fd f6 4b 00 45 84 c9 0f
0x00007ffe1e939c66:   45 c1 4c 63 04 10 49 8b d2 49 8b c0 49 2b c2 41
0x00007ffe1e939c76:   ba 00 08 00 00 49 3b c2 4c 0f 42 d0 b8 18 00 00
0x00007ffe1e939c86:   00 4c 03 d2 45 84 c9 0f 45 c3 49 03 c3 48 8d 3c
0x00007ffe1e939c96:   90 4e 8d 34 90 4d 3b d0 73 0e 4d 8b c2 49 8b d3
0x00007ffe1e939ca6:   48 8b cd e8 62 0b 00 00 49 3b fe 0f 83 90 01 00
0x00007ffe1e939cb6:   00 66 0f 1f 84 00 00 00 00 00 8b 07 85 c0 0f 84
0x00007ffe1e939cc6:   84 00 00 00 8b 0d 18 36 45 00 8b d8 48 8b 15 17
0x00007ffe1e939cd6:   8e 4d 00 48 d3 e3 48 03 1d fd 35 45 00 8b 0d 4f
0x00007ffe1e939ce6:   45 45 00 48 8b c3 48 2b 02 48 8b 52 10 48 c1 e8
0x00007ffe1e939cf6:   03 48 d3 e8 4c 8b c0 24 3f 49 c1 e8 06 0f b6 c8
0x00007ffe1e939d06:   4a 8b 04 c2 48 0f a3 c8 72 3e 48 8b cb e8 a8 2b
0x00007ffe1e939d16:   96 ff 48 63 f0 48 8d 0d 9e 8f 4d 00 4c 8b c6 48
0x00007ffe1e939d26:   8b d3 e8 13 79 fd ff 84 c0 74 1d 4c 8b c6 48 8d
0x00007ffe1e939d36:   0d c5 8f 4d 00 48 8b d3 e8 dd 2e 00 00 48 8b d3
0x00007ffe1e939d46:   48 8b cd e8 22 0a 00 00 48 83 c7 04 49 3b fe 0f
0x00007ffe1e939d56:   82 65 ff ff ff e9 e7 00 00 00 0f b6 15 f8 f5 4b
0x00007ffe1e939d66:   00 84 d2 48 0f 45 c1 49 8b ca 4e 63 0c 18 49 8b
0x00007ffe1e939d76:   c1 49 2b c2 41 ba 00 08 00 00 49 3b c2 4c 0f 42
0x00007ffe1e939d86:   d0 b8 18 00 00 00 4c 03 d1 84 d2 48 0f 45 c3 49
0x00007ffe1e939d96:   03 c3 48 8d 3c c8 4e 8d 34 d0 4d 3b d1 73 0e 4d
0x00007ffe1e939da6:   8b c2 49 8b d3 48 8b cd e8 5d 0a 00 00 49 3b fe
0x00007ffe1e939db6:   0f 83 8b 00 00 00 0f 1f 40 00 48 8b 1f 48 85 db
0x00007ffe1e939dc6:   74 72 48 8b 15 21 8d 4d 00 48 8b c3 8b 0d 60 44
0x00007ffe1e939dd6:   45 00 48 2b 02 48 8b 52 10 48 c1 e8 03 48 d3 e8
0x00007ffe1e939de6:   4c 8b c0 24 3f 49 c1 e8 06 0f b6 c8 4a 8b 04 c2
0x00007ffe1e939df6:   48 0f a3 c8 72 3e 48 8b cb e8 bc 2a 96 ff 48 63 


Stack slot to memory mapping:
stack at sp + 0 slots: 0x00000000c5dbfea0 is an oop: java.util.concurrent.ConcurrentHashMap$Node 
{0x00000000c5dbfea0} - klass: 'java/util/concurrent/ConcurrentHashMap$Node'
 - ---- fields (total size 4 words):
 - final 'hash' 'I' @12  136298436 (81fbfc4)
 - final 'key' 'Ljava/lang/Object;' @16  a 'jdk/internal/jrtfs/JrtPath'{0x00000000c5dbfec0} (c5dbfec0)
 - volatile 'val' 'Ljava/lang/Object;' @20  a 'java/util/Optional'{0x00000000c5dbff40} (c5dbff40)
 - volatile 'next' 'Ljava/util/concurrent/ConcurrentHashMap$Node;' @24  NULL (0)
stack at sp + 1 slots: 0x00000000c7b00040 is pointing into object: [Ljava.util.concurrent.ConcurrentHashMap$Node; 
{0x00000000c7ad0120} - klass: 'java/util/concurrent/ConcurrentHashMap$Node'[]
 - length: 65536
stack at sp + 2 slots: 0x00007ffe1eda26d0 jvm.dll
stack at sp + 3 slots: 0x00007ffe1eba98e0 jvm.dll
stack at sp + 4 slots: 0x00007ffe1eba98e0 jvm.dll
stack at sp + 5 slots: 0x00007ffe1e93a1a2 jvm.dll
stack at sp + 6 slots: 0x00000198dfff11d0 points into unknown readable memory: 0x00000198ca140150 | 50 01 14 ca 98 01 00 00
stack at sp + 7 slots: 0x0000004e4e3ffb49 points into unknown readable memory: eb 29 cc 98 01 00 00


---------------  P R O C E S S  ---------------

Threads class SMR info:
_java_thread_list=0x00000198e58ca110, length=40, elements={
0x00000198cc291340, 0x00000198e00af740, 0x00000198e00b1160, 0x00000198e00dc030,
0x00000198e00dcbb0, 0x00000198e00dd730, 0x00000198e00e0570, 0x00000198e00e1210,
0x00000198e1b37bb0, 0x00000198e1b3a870, 0x00000198dffa0ca0, 0x00000198e1dcb770,
0x00000198e2709e90, 0x00000198e20a05f0, 0x00000198e20a0ac0, 0x00000198e209c9d0,
0x00000198e1c25540, 0x00000198e1c27220, 0x00000198e1c28a30, 0x00000198e1c276f0,
0x00000198e1c27bc0, 0x00000198e5d755c0, 0x00000198e5d76900, 0x00000198e5d74280,
0x00000198e5d750f0, 0x00000198e5d79920, 0x00000198e25b2410, 0x00000198e8e78b30,
0x00000198e25b10d0, 0x00000198e25b1a70, 0x00000198e25ab090, 0x00000198e25aba30,
0x00000198e25acd70, 0x00000198e25ae580, 0x00000198e5d73db0, 0x00000198e5d74c20,
0x00000198e5d772a0, 0x00000198e713a3f0, 0x00000198e7137d70, 0x00000198e7139f20
}

Java Threads: ( => current thread )
  0x00000198cc291340 JavaThread "main" [_thread_blocked, id=105660, stack(0x0000004e4d400000,0x0000004e4d500000)]
  0x00000198e00af740 JavaThread "Reference Handler" daemon [_thread_blocked, id=73304, stack(0x0000004e4d700000,0x0000004e4d800000)]
  0x00000198e00b1160 JavaThread "Finalizer" daemon [_thread_blocked, id=82564, stack(0x0000004e4d800000,0x0000004e4d900000)]
  0x00000198e00dc030 JavaThread "Signal Dispatcher" daemon [_thread_blocked, id=12748, stack(0x0000004e4d900000,0x0000004e4da00000)]
  0x00000198e00dcbb0 JavaThread "Attach Listener" daemon [_thread_blocked, id=96416, stack(0x0000004e4da00000,0x0000004e4db00000)]
  0x00000198e00dd730 JavaThread "Service Thread" daemon [_thread_blocked, id=158224, stack(0x0000004e4db00000,0x0000004e4dc00000)]
  0x00000198e00e0570 JavaThread "Monitor Deflation Thread" daemon [_thread_blocked, id=118672, stack(0x0000004e4dc00000,0x0000004e4dd00000)]
  0x00000198e00e1210 JavaThread "C2 CompilerThread0" daemon [_thread_blocked, id=143068, stack(0x0000004e4dd00000,0x0000004e4de00000)]
  0x00000198e1b37bb0 JavaThread "C1 CompilerThread0" daemon [_thread_blocked, id=188716, stack(0x0000004e4de00000,0x0000004e4df00000)]
  0x00000198e1b3a870 JavaThread "Sweeper thread" daemon [_thread_blocked, id=78968, stack(0x0000004e4df00000,0x0000004e4e000000)]
  0x00000198dffa0ca0 JavaThread "Common-Cleaner" daemon [_thread_blocked, id=170948, stack(0x0000004e4e000000,0x0000004e4e100000)]
  0x00000198e1dcb770 JavaThread "Notification Thread" daemon [_thread_blocked, id=83544, stack(0x0000004e4e100000,0x0000004e4e200000)]
  0x00000198e2709e90 JavaThread "Active Thread: Equinox Container: e69327c4-04ac-4d4a-877b-93f0b61b6410" [_thread_blocked, id=45228, stack(0x0000004e4e700000,0x0000004e4e800000)]
  0x00000198e20a05f0 JavaThread "Framework Event Dispatcher: Equinox Container: e69327c4-04ac-4d4a-877b-93f0b61b6410" daemon [_thread_blocked, id=204980, stack(0x0000004e4e600000,0x0000004e4e700000)]
  0x00000198e20a0ac0 JavaThread "Start Level: Equinox Container: e69327c4-04ac-4d4a-877b-93f0b61b6410" daemon [_thread_blocked, id=63056, stack(0x0000004e4e800000,0x0000004e4e900000)]
  0x00000198e209c9d0 JavaThread "SCR Component Actor" daemon [_thread_blocked, id=120916, stack(0x0000004e4e900000,0x0000004e4ea00000)]
  0x00000198e1c25540 JavaThread "Worker-JM" [_thread_blocked, id=17712, stack(0x0000004e4eb00000,0x0000004e4ec00000)]
  0x00000198e1c27220 JavaThread "Java indexing" daemon [_thread_blocked, id=4988, stack(0x0000004e4f100000,0x0000004e4f200000)]
  0x00000198e1c28a30 JavaThread "JNA Cleaner" daemon [_thread_blocked, id=100368, stack(0x0000004e4ea00000,0x0000004e4eb00000)]
  0x00000198e1c276f0 JavaThread "pool-2-thread-1" [_thread_blocked, id=69432, stack(0x0000004e4f000000,0x0000004e4f100000)]
  0x00000198e1c27bc0 JavaThread "pool-1-thread-1" [_thread_in_native, id=134408, stack(0x0000004e4f300000,0x0000004e4f400000)]
  0x00000198e5d755c0 JavaThread "Bundle File Closer" daemon [_thread_blocked, id=35260, stack(0x0000004e4d300000,0x0000004e4d400000)]
  0x00000198e5d76900 JavaThread "Java Debug Server" daemon [_thread_in_native, id=20916, stack(0x0000004e4d200000,0x0000004e4d300000)]
  0x00000198e5d74280 JavaThread "RxSchedulerPurge-1" daemon [_thread_blocked, id=164584, stack(0x0000004e4fc00000,0x0000004e4fd00000)]
  0x00000198e5d750f0 JavaThread "RxCachedWorkerPoolEvictor-1" daemon [_thread_blocked, id=202580, stack(0x0000004e4fd00000,0x0000004e4fe00000)]
  0x00000198e5d79920 JavaThread "process reaper" daemon [_thread_in_native, id=198024, stack(0x0000004e4cf80000,0x0000004e4cfa0000)]
  0x00000198e25b2410 JavaThread "ForkJoinPool.commonPool-worker-9" daemon [_thread_blocked, id=1588, stack(0x0000004e4f600000,0x0000004e4f700000)]
  0x00000198e8e78b30 JavaThread "ForkJoinPool.commonPool-worker-11" daemon [_thread_blocked, id=46328, stack(0x0000004e4fa00000,0x0000004e4fb00000)]
  0x00000198e25b10d0 JavaThread "Worker-77: Publish Diagnostics" [_thread_blocked, id=169168, stack(0x0000004e4f400000,0x0000004e4f500000)]
  0x00000198e25b1a70 JavaThread "pool-3-thread-15" [_thread_in_native, id=132208, stack(0x0000004e4f200000,0x0000004e4f300000)]
  0x00000198e25ab090 JavaThread "RxNewThreadScheduler-29" daemon [_thread_blocked, id=62004, stack(0x0000004e4f800000,0x0000004e4f900000)]
  0x00000198e25aba30 JavaThread "ForkJoinPool.commonPool-worker-13" daemon [_thread_blocked, id=49176, stack(0x0000004e4ec00000,0x0000004e4ed00000)]
  0x00000198e25acd70 JavaThread "ForkJoinPool.commonPool-worker-14" daemon [_thread_blocked, id=201228, stack(0x0000004e4ed00000,0x0000004e4ee00000)]
  0x00000198e25ae580 JavaThread "Worker-79" [_thread_blocked, id=51544, stack(0x0000004e4ef00000,0x0000004e4f000000)]
  0x00000198e5d73db0 JavaThread "Worker-80" [_thread_blocked, id=66392, stack(0x0000004e4ee00000,0x0000004e4ef00000)]
  0x00000198e5d74c20 JavaThread "Worker-81" [_thread_blocked, id=79844, stack(0x0000004e4f500000,0x0000004e4f600000)]
  0x00000198e5d772a0 JavaThread "Worker-82" [_thread_blocked, id=169568, stack(0x0000004e4f700000,0x0000004e4f800000)]
  0x00000198e713a3f0 JavaThread "ForkJoinPool.commonPool-worker-15" daemon [_thread_blocked, id=148832, stack(0x0000004e4fe00000,0x0000004e4ff00000)]
  0x00000198e7137d70 JavaThread "Worker-83" [_thread_blocked, id=100348, stack(0x0000004e4ff00000,0x0000004e50000000)]
  0x00000198e7139f20 JavaThread "ForkJoinPool.commonPool-worker-16" daemon [_thread_blocked, id=143148, stack(0x0000004e50000000,0x0000004e50100000)]

Other Threads:
  0x00000198e00995e0 VMThread "VM Thread" [stack: 0x0000004e4d600000,0x0000004e4d700000] [id=107904]
  0x00000198e1dcbc40 WatcherThread [stack: 0x0000004e4e200000,0x0000004e4e300000] [id=106684]
  0x00000198cc2a7780 GCTaskThread "GC Thread#0" [stack: 0x0000004e4d500000,0x0000004e4d600000] [id=121380]
=>0x00000198e2345840 GCTaskThread "GC Thread#1" [stack: 0x0000004e4e300000,0x0000004e4e400000] [id=200080]
  0x00000198e2345af0 GCTaskThread "GC Thread#2" [stack: 0x0000004e4e400000,0x0000004e4e500000] [id=93748]
  0x00000198e2345da0 GCTaskThread "GC Thread#3" [stack: 0x0000004e4e500000,0x0000004e4e600000] [id=9184]

Threads with active compile tasks:

VM state: at safepoint (normal execution)

VM Mutex/Monitor currently owned by a thread:  ([mutex/lock_event])
[0x00000198cc283b70] Threads_lock - owner thread: 0x00000198e00995e0
[0x00000198cc282b20] Heap_lock - owner thread: 0x00000198e25b10d0

Heap address: 0x00000000c0000000, size: 1024 MB, Compressed Oops mode: 32-bit

CDS archive(s) not mapped
Compressed class space mapped at: 0x0000000100000000-0x0000000140000000, reserved size: 1073741824
Narrow klass base: 0x0000000000000000, Narrow klass shift: 3, Narrow klass range: 0x140000000

GC Precious Log:
 CPUs: 4 total, 4 available
 Memory: 24442M
 Large Page Support: Disabled
 NUMA Support: Disabled
 Compressed Oops: Enabled (32-bit)
 Alignments: Space 512K, Generation 512K, Heap 2M
 Heap Min Capacity: 100M
 Heap Initial Capacity: 100M
 Heap Max Capacity: 1G
 Pre-touch: Disabled
 Parallel Workers: 4

Heap:
 PSYoungGen      total 16896K, used 954K [0x00000000eab00000, 0x00000000ebd80000, 0x0000000100000000)
  eden space 15872K, 0% used [0x00000000eab00000,0x00000000eab00000,0x00000000eba80000)
  from space 1024K, 93% used [0x00000000eba80000,0x00000000ebb6e900,0x00000000ebb80000)
  to   space 1536K, 0% used [0x00000000ebc00000,0x00000000ebc00000,0x00000000ebd80000)
 ParOldGen       total 480768K, used 480316K [0x00000000c0000000, 0x00000000dd580000, 0x00000000eab00000)
  object space 480768K, 99% used [0x00000000c0000000,0x00000000dd50f2e0,0x00000000dd580000)
 Metaspace       used 101379K, committed 102720K, reserved 1146880K
  class space    used 9774K, committed 10368K, reserved 1048576K

Card table byte_map: [0x00000198cbc60000,0x00000198cbe70000] _byte_map_base: 0x00000198cb660000

Marking Bits: (ParMarkBitMap*) 0x00007ffe1ee12cc0
 Begin Bits: [0x00000198ddf20000, 0x00000198def20000)
 End Bits:   [0x00000198def20000, 0x00000198dff20000)

Polling page: 0x00000198ca2a0000

Metaspace:

Usage:
  Non-class:     89.46 MB used.
      Class:      9.55 MB used.
       Both:     99.00 MB used.

Virtual space:
  Non-class space:       96.00 MB reserved,      90.19 MB ( 94%) committed,  12 nodes.
      Class space:        1.00 GB reserved,      10.12 MB ( <1%) committed,  1 nodes.
             Both:        1.09 GB reserved,     100.31 MB (  9%) committed. 

Chunk freelists:
   Non-Class:  560.00 KB
       Class:  1.89 MB
        Both:  2.44 MB

MaxMetaspaceSize: unlimited
CompressedClassSpaceSize: 1.00 GB
Initial GC threshold: 21.00 MB
Current GC threshold: 167.19 MB
CDS: off
MetaspaceReclaimPolicy: balanced
 - commit_granule_bytes: 65536.
 - commit_granule_words: 8192.
 - virtual_space_node_default_size: 1048576.
 - enlarge_chunks_in_place: 1.
 - new_chunks_are_fully_committed: 0.
 - uncommit_free_chunks: 1.
 - use_allocation_guard: 0.
 - handle_deallocations: 1.


Internal statistics:

num_allocs_failed_limit: 8.
num_arena_births: 1154.
num_arena_deaths: 292.
num_vsnodes_births: 13.
num_vsnodes_deaths: 0.
num_space_committed: 1605.
num_space_uncommitted: 0.
num_chunks_returned_to_freelist: 357.
num_chunks_taken_from_freelist: 5660.
num_chunk_merges: 120.
num_chunk_splits: 3355.
num_chunks_enlarged: 1874.
num_purges: 24.
num_inconsistent_stats: 0.

CodeHeap 'non-profiled nmethods': size=120000Kb used=37814Kb max_used=37890Kb free=82185Kb
 bounds [0x00000198d69f0000, 0x00000198d8f30000, 0x00000198ddf20000]
CodeHeap 'profiled nmethods': size=120000Kb used=45363Kb max_used=46037Kb free=74637Kb
 bounds [0x00000198cf4c0000, 0x00000198d2220000, 0x00000198d69f0000]
CodeHeap 'non-nmethods': size=5760Kb used=1460Kb max_used=1569Kb free=4299Kb
 bounds [0x00000198cef20000, 0x00000198cf190000, 0x00000198cf4c0000]
 total_blobs=23729 nmethods=22909 adapters=730
 compilation: enabled
              stopped_count=0, restarted_count=0
 full_count=0

Compilation events (20 events):
Event: 6357.634 Thread 0x00000198e1b37bb0 33924   !   3       org.eclipse.jdt.internal.compiler.lookup.InferenceContext18::inferInvocationType (561 bytes)
Event: 6357.637 Thread 0x00000198e1b37bb0 nmethod 33924 0x00000198d1e2ee90 code [0x00000198d1e2f420, 0x00000198d1e32548]
Event: 6357.771 Thread 0x00000198e00e1210 33925       4       ch.qos.logback.classic.Logger::debug (15 bytes)
Event: 6357.774 Thread 0x00000198e00e1210 nmethod 33925 0x00000198d825da10 code [0x00000198d825dba0, 0x00000198d825dd88]
Event: 6358.061 Thread 0x00000198e1b37bb0 33926       3       org.eclipse.jdt.core.dom.AbstractTypeDeclaration::getBodyDeclarationsProperty (5 bytes)
Event: 6358.061 Thread 0x00000198e1b37bb0 nmethod 33926 0x00000198d0742390 code [0x00000198d0742540, 0x00000198d0742708]
Event: 6358.403 Thread 0x00000198e00e1210 33927       4       org.eclipse.jdt.core.dom.ASTConverter::lookupScope (253 bytes)
Event: 6358.453 Thread 0x00000198e00e1210 nmethod 33927 0x00000198d8c9b990 code [0x00000198d8c9bc80, 0x00000198d8c9d3c8]
Event: 6359.536 Thread 0x00000198e1b37bb0 33928       3       org.eclipse.jdt.internal.compiler.ast.Initializer::<init> (32 bytes)
Event: 6359.537 Thread 0x00000198e1b37bb0 nmethod 33928 0x00000198d0981990 code [0x00000198d0981b40, 0x00000198d0981e98]
Event: 6360.224 Thread 0x00000198e1b37bb0 33929       1       org.eclipse.jdt.internal.core.search.matching.TypeReferencePattern::getIndexCategories (5 bytes)
Event: 6360.224 Thread 0x00000198e1b37bb0 nmethod 33929 0x00000198d8c9b690 code [0x00000198d8c9b820, 0x00000198d8c9b8f8]
Event: 6362.229 Thread 0x00000198e1b37bb0 33930       3       org.eclipse.jdt.ls.core.internal.corrections.proposals.UnresolvedElementsSubProcessor::getVariableProposals (836 bytes)
Event: 6362.237 Thread 0x00000198e1b37bb0 nmethod 33930 0x00000198d1df1390 code [0x00000198d1df1c20, 0x00000198d1df7608]
Event: 6362.659 Thread 0x00000198e1b37bb0 33931       3       org.eclipse.jdt.internal.corext.dom.Bindings::isDeclarationBinding (85 bytes)
Event: 6362.659 Thread 0x00000198e1b37bb0 nmethod 33931 0x00000198d067e910 code [0x00000198d067eb40, 0x00000198d067f498]
Event: 6364.216 Thread 0x00000198e00e1210 33932       4       org.eclipse.jface.text.AbstractDocument::<init> (47 bytes)
Event: 6364.217 Thread 0x00000198e00e1210 nmethod 33932 0x00000198d8c9b390 code [0x00000198d8c9b500, 0x00000198d8c9b598]
Event: 6364.217 Thread 0x00000198e00e1210 33933       4       org.eclipse.jface.text.GapTextStore::<init> (87 bytes)
Event: 6364.219 Thread 0x00000198e00e1210 nmethod 33933 0x00000198d8c9ae10 code [0x00000198d8c9afc0, 0x00000198d8c9b218]

GC Heap History (20 events):
Event: 6362.607 GC heap after
{Heap after GC invocations=21193 (full 437):
 PSYoungGen      total 17408K, used 1001K [0x00000000eab00000, 0x00000000ec000000, 0x0000000100000000)
  eden space 16384K, 0% used [0x00000000eab00000,0x00000000eab00000,0x00000000ebb00000)
  from space 1024K, 97% used [0x00000000ebe80000,0x00000000ebf7a400,0x00000000ebf80000)
  to   space 2560K, 0% used [0x00000000ebb00000,0x00000000ebb00000,0x00000000ebd80000)
 ParOldGen       total 480768K, used 471226K [0x00000000c0000000, 0x00000000dd580000, 0x00000000eab00000)
  object space 480768K, 98% used [0x00000000c0000000,0x00000000dcc2e9c0,0x00000000dd580000)
 Metaspace       used 101379K, committed 102720K, reserved 1146880K
  class space    used 9774K, committed 10368K, reserved 1048576K
}
Event: 6362.651 GC heap before
{Heap before GC invocations=21194 (full 437):
 PSYoungGen      total 17408K, used 17385K [0x00000000eab00000, 0x00000000ec000000, 0x0000000100000000)
  eden space 16384K, 100% used [0x00000000eab00000,0x00000000ebb00000,0x00000000ebb00000)
  from space 1024K, 97% used [0x00000000ebe80000,0x00000000ebf7a400,0x00000000ebf80000)
  to   space 2560K, 0% used [0x00000000ebb00000,0x00000000ebb00000,0x00000000ebd80000)
 ParOldGen       total 480768K, used 471226K [0x00000000c0000000, 0x00000000dd580000, 0x00000000eab00000)
  object space 480768K, 98% used [0x00000000c0000000,0x00000000dcc2e9c0,0x00000000dd580000)
 Metaspace       used 101379K, committed 102720K, reserved 1146880K
  class space    used 9774K, committed 10368K, reserved 1048576K
}
Event: 6362.654 GC heap after
{Heap after GC invocations=21194 (full 437):
 PSYoungGen      total 18944K, used 1076K [0x00000000eab00000, 0x00000000ebf00000, 0x0000000100000000)
  eden space 16384K, 0% used [0x00000000eab00000,0x00000000eab00000,0x00000000ebb00000)
  from space 2560K, 42% used [0x00000000ebb00000,0x00000000ebc0d200,0x00000000ebd80000)
  to   space 1536K, 0% used [0x00000000ebd80000,0x00000000ebd80000,0x00000000ebf00000)
 ParOldGen       total 480768K, used 472247K [0x00000000c0000000, 0x00000000dd580000, 0x00000000eab00000)
  object space 480768K, 98% used [0x00000000c0000000,0x00000000dcd2de58,0x00000000dd580000)
 Metaspace       used 101379K, committed 102720K, reserved 1146880K
  class space    used 9774K, committed 10368K, reserved 1048576K
}
Event: 6362.690 GC heap before
{Heap before GC invocations=21195 (full 437):
 PSYoungGen      total 18944K, used 17460K [0x00000000eab00000, 0x00000000ebf00000, 0x0000000100000000)
  eden space 16384K, 100% used [0x00000000eab00000,0x00000000ebb00000,0x00000000ebb00000)
  from space 2560K, 42% used [0x00000000ebb00000,0x00000000ebc0d200,0x00000000ebd80000)
  to   space 1536K, 0% used [0x00000000ebd80000,0x00000000ebd80000,0x00000000ebf00000)
 ParOldGen       total 480768K, used 472247K [0x00000000c0000000, 0x00000000dd580000, 0x00000000eab00000)
  object space 480768K, 98% used [0x00000000c0000000,0x00000000dcd2de58,0x00000000dd580000)
 Metaspace       used 101379K, committed 102720K, reserved 1146880K
  class space    used 9774K, committed 10368K, reserved 1048576K
}
Event: 6362.695 GC heap after
{Heap after GC invocations=21195 (full 437):
 PSYoungGen      total 17920K, used 1044K [0x00000000eab00000, 0x00000000ebf00000, 0x0000000100000000)
  eden space 16384K, 0% used [0x00000000eab00000,0x00000000eab00000,0x00000000ebb00000)
  from space 1536K, 68% used [0x00000000ebd80000,0x00000000ebe85200,0x00000000ebf00000)
  to   space 1536K, 0% used [0x00000000ebc00000,0x00000000ebc00000,0x00000000ebd80000)
 ParOldGen       total 480768K, used 473292K [0x00000000c0000000, 0x00000000dd580000, 0x00000000eab00000)
  object space 480768K, 98% used [0x00000000c0000000,0x00000000dce33078,0x00000000dd580000)
 Metaspace       used 101379K, committed 102720K, reserved 1146880K
  class space    used 9774K, committed 10368K, reserved 1048576K
}
Event: 6363.373 GC heap before
{Heap before GC invocations=21196 (full 437):
 PSYoungGen      total 17920K, used 17428K [0x00000000eab00000, 0x00000000ebf00000, 0x0000000100000000)
  eden space 16384K, 99% used [0x00000000eab00000,0x00000000ebaffff0,0x00000000ebb00000)
  from space 1536K, 68% used [0x00000000ebd80000,0x00000000ebe85200,0x00000000ebf00000)
  to   space 1536K, 0% used [0x00000000ebc00000,0x00000000ebc00000,0x00000000ebd80000)
 ParOldGen       total 480768K, used 473292K [0x00000000c0000000, 0x00000000dd580000, 0x00000000eab00000)
  object space 480768K, 98% used [0x00000000c0000000,0x00000000dce33078,0x00000000dd580000)
 Metaspace       used 101379K, committed 102720K, reserved 1146880K
  class space    used 9774K, committed 10368K, reserved 1048576K
}
Event: 6363.376 GC heap after
{Heap after GC invocations=21196 (full 437):
 PSYoungGen      total 17920K, used 1108K [0x00000000eab00000, 0x00000000ebe00000, 0x0000000100000000)
  eden space 16384K, 0% used [0x00000000eab00000,0x00000000eab00000,0x00000000ebb00000)
  from space 1536K, 72% used [0x00000000ebc00000,0x00000000ebd15200,0x00000000ebd80000)
  to   space 512K, 0% used [0x00000000ebd80000,0x00000000ebd80000,0x00000000ebe00000)
 ParOldGen       total 480768K, used 474280K [0x00000000c0000000, 0x00000000dd580000, 0x00000000eab00000)
  object space 480768K, 98% used [0x00000000c0000000,0x00000000dcf2a278,0x00000000dd580000)
 Metaspace       used 101379K, committed 102720K, reserved 1146880K
  class space    used 9774K, committed 10368K, reserved 1048576K
}
Event: 6363.442 GC heap before
{Heap before GC invocations=21197 (full 437):
 PSYoungGen      total 17920K, used 17492K [0x00000000eab00000, 0x00000000ebe00000, 0x0000000100000000)
  eden space 16384K, 100% used [0x00000000eab00000,0x00000000ebb00000,0x00000000ebb00000)
  from space 1536K, 72% used [0x00000000ebc00000,0x00000000ebd15200,0x00000000ebd80000)
  to   space 512K, 0% used [0x00000000ebd80000,0x00000000ebd80000,0x00000000ebe00000)
 ParOldGen       total 480768K, used 474280K [0x00000000c0000000, 0x00000000dd580000, 0x00000000eab00000)
  object space 480768K, 98% used [0x00000000c0000000,0x00000000dcf2a278,0x00000000dd580000)
 Metaspace       used 101379K, committed 102720K, reserved 1146880K
  class space    used 9774K, committed 10368K, reserved 1048576K
}
Event: 6363.445 GC heap after
{Heap after GC invocations=21197 (full 437):
 PSYoungGen      total 16896K, used 512K [0x00000000eab00000, 0x00000000ec000000, 0x0000000100000000)
  eden space 16384K, 0% used [0x00000000eab00000,0x00000000eab00000,0x00000000ebb00000)
  from space 512K, 100% used [0x00000000ebd80000,0x00000000ebe00000,0x00000000ebe00000)
  to   space 2560K, 0% used [0x00000000ebb00000,0x00000000ebb00000,0x00000000ebd80000)
 ParOldGen       total 480768K, used 476106K [0x00000000c0000000, 0x00000000dd580000, 0x00000000eab00000)
  object space 480768K, 99% used [0x00000000c0000000,0x00000000dd0f28c8,0x00000000dd580000)
 Metaspace       used 101379K, committed 102720K, reserved 1146880K
  class space    used 9774K, committed 10368K, reserved 1048576K
}
Event: 6363.593 GC heap before
{Heap before GC invocations=21198 (full 437):
 PSYoungGen      total 16896K, used 16896K [0x00000000eab00000, 0x00000000ec000000, 0x0000000100000000)
  eden space 16384K, 100% used [0x00000000eab00000,0x00000000ebb00000,0x00000000ebb00000)
  from space 512K, 100% used [0x00000000ebd80000,0x00000000ebe00000,0x00000000ebe00000)
  to   space 2560K, 0% used [0x00000000ebb00000,0x00000000ebb00000,0x00000000ebd80000)
 ParOldGen       total 480768K, used 476106K [0x00000000c0000000, 0x00000000dd580000, 0x00000000eab00000)
  object space 480768K, 99% used [0x00000000c0000000,0x00000000dd0f28c8,0x00000000dd580000)
 Metaspace       used 101379K, committed 102720K, reserved 1146880K
  class space    used 9774K, committed 10368K, reserved 1048576K
}
Event: 6363.595 GC heap after
{Heap after GC invocations=21198 (full 437):
 PSYoungGen      total 17408K, used 928K [0x00000000eab00000, 0x00000000ebe00000, 0x0000000100000000)
  eden space 16384K, 0% used [0x00000000eab00000,0x00000000eab00000,0x00000000ebb00000)
  from space 1024K, 90% used [0x00000000ebb00000,0x00000000ebbe8000,0x00000000ebc00000)
  to   space 1536K, 0% used [0x00000000ebc80000,0x00000000ebc80000,0x00000000ebe00000)
 ParOldGen       total 480768K, used 476639K [0x00000000c0000000, 0x00000000dd580000, 0x00000000eab00000)
  object space 480768K, 99% used [0x00000000c0000000,0x00000000dd177c20,0x00000000dd580000)
 Metaspace       used 101379K, committed 102720K, reserved 1146880K
  class space    used 9774K, committed 10368K, reserved 1048576K
}
Event: 6363.663 GC heap before
{Heap before GC invocations=21199 (full 437):
 PSYoungGen      total 17408K, used 17312K [0x00000000eab00000, 0x00000000ebe00000, 0x0000000100000000)
  eden space 16384K, 100% used [0x00000000eab00000,0x00000000ebb00000,0x00000000ebb00000)
  from space 1024K, 90% used [0x00000000ebb00000,0x00000000ebbe8000,0x00000000ebc00000)
  to   space 1536K, 0% used [0x00000000ebc80000,0x00000000ebc80000,0x00000000ebe00000)
 ParOldGen       total 480768K, used 476639K [0x00000000c0000000, 0x00000000dd580000, 0x00000000eab00000)
  object space 480768K, 99% used [0x00000000c0000000,0x00000000dd177c20,0x00000000dd580000)
 Metaspace       used 101379K, committed 102720K, reserved 1146880K
  class space    used 9774K, committed 10368K, reserved 1048576K
}
Event: 6363.666 GC heap after
{Heap after GC invocations=21199 (full 437):
 PSYoungGen      total 17920K, used 1338K [0x00000000eab00000, 0x00000000ebe00000, 0x0000000100000000)
  eden space 16384K, 0% used [0x00000000eab00000,0x00000000eab00000,0x00000000ebb00000)
  from space 1536K, 87% used [0x00000000ebc80000,0x00000000ebdce900,0x00000000ebe00000)
  to   space 1536K, 0% used [0x00000000ebb00000,0x00000000ebb00000,0x00000000ebc80000)
 ParOldGen       total 480768K, used 477499K [0x00000000c0000000, 0x00000000dd580000, 0x00000000eab00000)
  object space 480768K, 99% used [0x00000000c0000000,0x00000000dd24ec30,0x00000000dd580000)
 Metaspace       used 101379K, committed 102720K, reserved 1146880K
  class space    used 9774K, committed 10368K, reserved 1048576K
}
Event: 6364.438 GC heap before
{Heap before GC invocations=21200 (full 437):
 PSYoungGen      total 17920K, used 17722K [0x00000000eab00000, 0x00000000ebe00000, 0x0000000100000000)
  eden space 16384K, 100% used [0x00000000eab00000,0x00000000ebb00000,0x00000000ebb00000)
  from space 1536K, 87% used [0x00000000ebc80000,0x00000000ebdce900,0x00000000ebe00000)
  to   space 1536K, 0% used [0x00000000ebb00000,0x00000000ebb00000,0x00000000ebc80000)
 ParOldGen       total 480768K, used 477499K [0x00000000c0000000, 0x00000000dd580000, 0x00000000eab00000)
  object space 480768K, 99% used [0x00000000c0000000,0x00000000dd24ec30,0x00000000dd580000)
 Metaspace       used 101379K, committed 102720K, reserved 1146880K
  class space    used 9774K, committed 10368K, reserved 1048576K
}
Event: 6364.441 GC heap after
{Heap after GC invocations=21200 (full 437):
 PSYoungGen      total 17920K, used 1406K [0x00000000eab00000, 0x00000000ebe00000, 0x0000000100000000)
  eden space 16384K, 0% used [0x00000000eab00000,0x00000000eab00000,0x00000000ebb00000)
  from space 1536K, 91% used [0x00000000ebb00000,0x00000000ebc5fb10,0x00000000ebc80000)
  to   space 1536K, 0% used [0x00000000ebc80000,0x00000000ebc80000,0x00000000ebe00000)
 ParOldGen       total 480768K, used 478735K [0x00000000c0000000, 0x00000000dd580000, 0x00000000eab00000)
  object space 480768K, 99% used [0x00000000c0000000,0x00000000dd383e50,0x00000000dd580000)
 Metaspace       used 101379K, committed 102720K, reserved 1146880K
  class space    used 9774K, committed 10368K, reserved 1048576K
}
Event: 6364.479 GC heap before
{Heap before GC invocations=21201 (full 437):
 PSYoungGen      total 17920K, used 17790K [0x00000000eab00000, 0x00000000ebe00000, 0x0000000100000000)
  eden space 16384K, 100% used [0x00000000eab00000,0x00000000ebb00000,0x00000000ebb00000)
  from space 1536K, 91% used [0x00000000ebb00000,0x00000000ebc5fb10,0x00000000ebc80000)
  to   space 1536K, 0% used [0x00000000ebc80000,0x00000000ebc80000,0x00000000ebe00000)
 ParOldGen       total 480768K, used 478735K [0x00000000c0000000, 0x00000000dd580000, 0x00000000eab00000)
  object space 480768K, 99% used [0x00000000c0000000,0x00000000dd383e50,0x00000000dd580000)
 Metaspace       used 101379K, committed 102720K, reserved 1146880K
  class space    used 9774K, committed 10368K, reserved 1048576K
}
Event: 6364.482 GC heap after
{Heap after GC invocations=21201 (full 437):
 PSYoungGen      total 17408K, used 1513K [0x00000000eab00000, 0x00000000ebf00000, 0x0000000100000000)
  eden space 15872K, 0% used [0x00000000eab00000,0x00000000eab00000,0x00000000eba80000)
  from space 1536K, 98% used [0x00000000ebc80000,0x00000000ebdfa420,0x00000000ebe00000)
  to   space 2048K, 0% used [0x00000000eba80000,0x00000000eba80000,0x00000000ebc80000)
 ParOldGen       total 480768K, used 478783K [0x00000000c0000000, 0x00000000dd580000, 0x00000000eab00000)
  object space 480768K, 99% used [0x00000000c0000000,0x00000000dd38fe50,0x00000000dd580000)
 Metaspace       used 101379K, committed 102720K, reserved 1146880K
  class space    used 9774K, committed 10368K, reserved 1048576K
}
Event: 6364.526 GC heap before
{Heap before GC invocations=21202 (full 437):
 PSYoungGen      total 17408K, used 17385K [0x00000000eab00000, 0x00000000ebf00000, 0x0000000100000000)
  eden space 15872K, 100% used [0x00000000eab00000,0x00000000eba80000,0x00000000eba80000)
  from space 1536K, 98% used [0x00000000ebc80000,0x00000000ebdfa420,0x00000000ebe00000)
  to   space 2048K, 0% used [0x00000000eba80000,0x00000000eba80000,0x00000000ebc80000)
 ParOldGen       total 480768K, used 478783K [0x00000000c0000000, 0x00000000dd580000, 0x00000000eab00000)
  object space 480768K, 99% used [0x00000000c0000000,0x00000000dd38fe50,0x00000000dd580000)
 Metaspace       used 101379K, committed 102720K, reserved 1146880K
  class space    used 9774K, committed 10368K, reserved 1048576K
}
Event: 6364.531 GC heap after
{Heap after GC invocations=21202 (full 437):
 PSYoungGen      total 16896K, used 954K [0x00000000eab00000, 0x00000000ebd80000, 0x0000000100000000)
  eden space 15872K, 0% used [0x00000000eab00000,0x00000000eab00000,0x00000000eba80000)
  from space 1024K, 93% used [0x00000000eba80000,0x00000000ebb6e900,0x00000000ebb80000)
  to   space 1536K, 0% used [0x00000000ebc00000,0x00000000ebc00000,0x00000000ebd80000)
 ParOldGen       total 480768K, used 480316K [0x00000000c0000000, 0x00000000dd580000, 0x00000000eab00000)
  object space 480768K, 99% used [0x00000000c0000000,0x00000000dd50f2e0,0x00000000dd580000)
 Metaspace       used 101379K, committed 102720K, reserved 1146880K
  class space    used 9774K, committed 10368K, reserved 1048576K
}
Event: 6364.531 GC heap before
{Heap before GC invocations=21203 (full 438):
 PSYoungGen      total 16896K, used 954K [0x00000000eab00000, 0x00000000ebd80000, 0x0000000100000000)
  eden space 15872K, 0% used [0x00000000eab00000,0x00000000eab00000,0x00000000eba80000)
  from space 1024K, 93% used [0x00000000eba80000,0x00000000ebb6e900,0x00000000ebb80000)
  to   space 1536K, 0% used [0x00000000ebc00000,0x00000000ebc00000,0x00000000ebd80000)
 ParOldGen       total 480768K, used 480316K [0x00000000c0000000, 0x00000000dd580000, 0x00000000eab00000)
  object space 480768K, 99% used [0x00000000c0000000,0x00000000dd50f2e0,0x00000000dd580000)
 Metaspace       used 101379K, committed 102720K, reserved 1146880K
  class space    used 9774K, committed 10368K, reserved 1048576K
}

Deoptimization events (20 events):
Event: 6354.083 Thread 0x00000198e25acd70 DEOPT PACKING pc=0x00000198d7b3ab34 sp=0x0000004e4edfed00
Event: 6354.083 Thread 0x00000198e25acd70 DEOPT UNPACKING pc=0x00000198cef720a3 sp=0x0000004e4edfecb8 mode 2
Event: 6354.361 Thread 0x00000198e5d74c20 Uncommon trap: trap_request=0xffffffde fr.pc=0x00000198d88b6b28 relative=0x00000000000038e8
Event: 6354.361 Thread 0x00000198e5d74c20 Uncommon trap: reason=class_check action=maybe_recompile pc=0x00000198d88b6b28 method=org.eclipse.jdt.core.dom.ASTConverter.buildBodyDeclarations(Lorg/eclipse/jdt/internal/compiler/ast/TypeDeclaration;Lorg/eclipse/jdt/core/dom/AbstractTypeDeclaration;Z)V 
Event: 6354.361 Thread 0x00000198e5d74c20 DEOPT PACKING pc=0x00000198d88b6b28 sp=0x0000004e4f5fec70
Event: 6354.361 Thread 0x00000198e5d74c20 DEOPT UNPACKING pc=0x00000198cef720a3 sp=0x0000004e4f5fec88 mode 2
Event: 6355.827 Thread 0x00000198e7137d70 Uncommon trap: trap_request=0xffffffde fr.pc=0x00000198d88b6b28 relative=0x00000000000038e8
Event: 6355.827 Thread 0x00000198e7137d70 Uncommon trap: reason=class_check action=maybe_recompile pc=0x00000198d88b6b28 method=org.eclipse.jdt.core.dom.ASTConverter.buildBodyDeclarations(Lorg/eclipse/jdt/internal/compiler/ast/TypeDeclaration;Lorg/eclipse/jdt/core/dom/AbstractTypeDeclaration;Z)V 
Event: 6355.827 Thread 0x00000198e7137d70 DEOPT PACKING pc=0x00000198d88b6b28 sp=0x0000004e4fffec30
Event: 6355.827 Thread 0x00000198e7137d70 DEOPT UNPACKING pc=0x00000198cef720a3 sp=0x0000004e4fffec48 mode 2
Event: 6356.856 Thread 0x00000198e25b10d0 Uncommon trap: trap_request=0xffffffbe fr.pc=0x00000198d8d22b94 relative=0x0000000000001514
Event: 6356.856 Thread 0x00000198e25b10d0 Uncommon trap: reason=profile_predicate action=maybe_recompile pc=0x00000198d8d22b94 method=org.eclipse.jdt.internal.compiler.parser.Scanner.checkTaskTag(II)V @ 203 c2
Event: 6356.856 Thread 0x00000198e25b10d0 DEOPT PACKING pc=0x00000198d8d22b94 sp=0x0000004e4f4fe790
Event: 6356.856 Thread 0x00000198e25b10d0 DEOPT UNPACKING pc=0x00000198cef720a3 sp=0x0000004e4f4fe730 mode 2
Event: 6356.878 Thread 0x00000198e25b10d0 Uncommon trap: trap_request=0xffffffbe fr.pc=0x00000198d8d22b94 relative=0x0000000000001514
Event: 6356.878 Thread 0x00000198e25b10d0 Uncommon trap: reason=profile_predicate action=maybe_recompile pc=0x00000198d8d22b94 method=org.eclipse.jdt.internal.compiler.parser.Scanner.checkTaskTag(II)V @ 203 c2
Event: 6356.878 Thread 0x00000198e25b10d0 DEOPT PACKING pc=0x00000198d8d22b94 sp=0x0000004e4f4fe790
Event: 6356.878 Thread 0x00000198e25b10d0 DEOPT UNPACKING pc=0x00000198cef720a3 sp=0x0000004e4f4fe730 mode 2
Event: 6364.510 Thread 0x00000198e25b10d0 DEOPT PACKING pc=0x00000198d16e7210 sp=0x0000004e4f4fe750
Event: 6364.510 Thread 0x00000198e25b10d0 DEOPT UNPACKING pc=0x00000198cef72843 sp=0x0000004e4f4fdc20 mode 0

Classes unloaded (20 events):
Event: 4295.583 Thread 0x00000198e00995e0 Unloading class 0x0000000100a01800 'java/lang/invoke/LambdaForm$MH+0x0000000100a01800'
Event: 4295.583 Thread 0x00000198e00995e0 Unloading class 0x0000000100a01400 'java/lang/invoke/LambdaForm$MH+0x0000000100a01400'
Event: 4295.583 Thread 0x00000198e00995e0 Unloading class 0x0000000100a01000 'java/lang/invoke/LambdaForm$MH+0x0000000100a01000'
Event: 4295.583 Thread 0x00000198e00995e0 Unloading class 0x0000000100a00c00 'java/lang/invoke/LambdaForm$MH+0x0000000100a00c00'
Event: 4295.583 Thread 0x00000198e00995e0 Unloading class 0x0000000100a00800 'java/lang/invoke/LambdaForm$MH+0x0000000100a00800'
Event: 4295.583 Thread 0x00000198e00995e0 Unloading class 0x0000000100a00400 'java/lang/invoke/LambdaForm$MH+0x0000000100a00400'
Event: 4295.583 Thread 0x00000198e00995e0 Unloading class 0x00000001009f5c00 'java/lang/invoke/LambdaForm$MH+0x00000001009f5c00'
Event: 4295.583 Thread 0x00000198e00995e0 Unloading class 0x00000001009f5800 'java/lang/invoke/LambdaForm$MH+0x00000001009f5800'
Event: 4295.583 Thread 0x00000198e00995e0 Unloading class 0x00000001009f5400 'java/lang/invoke/LambdaForm$MH+0x00000001009f5400'
Event: 4295.583 Thread 0x00000198e00995e0 Unloading class 0x00000001009f5000 'java/lang/invoke/LambdaForm$MH+0x00000001009f5000'
Event: 4295.583 Thread 0x00000198e00995e0 Unloading class 0x00000001009f4c00 'java/lang/invoke/LambdaForm$MH+0x00000001009f4c00'
Event: 4295.583 Thread 0x00000198e00995e0 Unloading class 0x00000001009f4800 'java/lang/invoke/LambdaForm$MH+0x00000001009f4800'
Event: 4295.583 Thread 0x00000198e00995e0 Unloading class 0x00000001009f4400 'java/lang/invoke/LambdaForm$MH+0x00000001009f4400'
Event: 4295.583 Thread 0x00000198e00995e0 Unloading class 0x00000001009f4000 'java/lang/invoke/LambdaForm$MH+0x00000001009f4000'
Event: 5811.936 Thread 0x00000198e00995e0 Unloading class 0x0000000100a02800 'jdk/internal/reflect/GeneratedConstructorAccessor102'
Event: 5898.721 Thread 0x00000198e00995e0 Unloading class 0x0000000100a01400 'jdk/internal/reflect/GeneratedConstructorAccessor108'
Event: 5898.721 Thread 0x00000198e00995e0 Unloading class 0x0000000100a01000 'jdk/internal/reflect/GeneratedConstructorAccessor107'
Event: 5898.721 Thread 0x00000198e00995e0 Unloading class 0x0000000100a02400 'jdk/internal/reflect/GeneratedConstructorAccessor106'
Event: 5898.721 Thread 0x00000198e00995e0 Unloading class 0x0000000100a02000 'jdk/internal/reflect/GeneratedConstructorAccessor105'
Event: 5898.721 Thread 0x00000198e00995e0 Unloading class 0x0000000100a15400 'jdk/internal/reflect/GeneratedConstructorAccessor104'

Classes redefined (0 events):
No events

Internal exceptions (20 events):
Event: 6259.046 Thread 0x00000198e1c27220 Exception <a 'sun/nio/fs/WindowsException'{0x00000000eafa26f8}> (0x00000000eafa26f8) 
thrown [s\src\hotspot\share\prims\jni.cpp, line 516]
Event: 6259.882 Thread 0x00000198e1c27220 Exception <a 'sun/nio/fs/WindowsException'{0x00000000eb63d828}> (0x00000000eb63d828) 
thrown [s\src\hotspot\share\prims\jni.cpp, line 516]
Event: 6287.823 Thread 0x00000198e1c27220 Exception <a 'sun/nio/fs/WindowsException'{0x00000000eb1e5418}> (0x00000000eb1e5418) 
thrown [s\src\hotspot\share\prims\jni.cpp, line 516]
Event: 6288.873 Thread 0x00000198e1c27220 Exception <a 'sun/nio/fs/WindowsException'{0x00000000eac62c60}> (0x00000000eac62c60) 
thrown [s\src\hotspot\share\prims\jni.cpp, line 516]
Event: 6299.760 Thread 0x00000198e1c27220 Exception <a 'sun/nio/fs/WindowsException'{0x00000000eb2b8418}> (0x00000000eb2b8418) 
thrown [s\src\hotspot\share\prims\jni.cpp, line 516]
Event: 6300.743 Thread 0x00000198e1c27220 Exception <a 'sun/nio/fs/WindowsException'{0x00000000eaef33c0}> (0x00000000eaef33c0) 
thrown [s\src\hotspot\share\prims\jni.cpp, line 516]
Event: 6309.605 Thread 0x00000198e1c27220 Exception <a 'sun/nio/fs/WindowsException'{0x00000000eb3f4588}> (0x00000000eb3f4588) 
thrown [s\src\hotspot\share\prims\jni.cpp, line 516]
Event: 6310.743 Thread 0x00000198e1c27220 Exception <a 'sun/nio/fs/WindowsException'{0x00000000eac21940}> (0x00000000eac21940) 
thrown [s\src\hotspot\share\prims\jni.cpp, line 516]
Event: 6315.747 Thread 0x00000198e1c27220 Exception <a 'sun/nio/fs/WindowsException'{0x00000000eb14ff90}> (0x00000000eb14ff90) 
thrown [s\src\hotspot\share\prims\jni.cpp, line 516]
Event: 6316.693 Thread 0x00000198e1c27220 Exception <a 'sun/nio/fs/WindowsException'{0x00000000eab006b8}> (0x00000000eab006b8) 
thrown [s\src\hotspot\share\prims\jni.cpp, line 516]
Event: 6329.086 Thread 0x00000198e1c27220 Exception <a 'sun/nio/fs/WindowsException'{0x00000000eb3233a0}> (0x00000000eb3233a0) 
thrown [s\src\hotspot\share\prims\jni.cpp, line 516]
Event: 6329.828 Thread 0x00000198e1c27220 Exception <a 'sun/nio/fs/WindowsException'{0x00000000eaf41ca0}> (0x00000000eaf41ca0) 
thrown [s\src\hotspot\share\prims\jni.cpp, line 516]
Event: 6335.679 Thread 0x00000198e1c27220 Exception <a 'sun/nio/fs/WindowsException'{0x00000000eb68d7f8}> (0x00000000eb68d7f8) 
thrown [s\src\hotspot\share\prims\jni.cpp, line 516]
Event: 6336.003 Thread 0x00000198e1c27220 Exception <a 'sun/nio/fs/WindowsException'{0x00000000eaccc088}> (0x00000000eaccc088) 
thrown [s\src\hotspot\share\prims\jni.cpp, line 516]
Event: 6343.241 Thread 0x00000198e1c27220 Exception <a 'sun/nio/fs/WindowsException'{0x00000000eac85bf0}> (0x00000000eac85bf0) 
thrown [s\src\hotspot\share\prims\jni.cpp, line 516]
Event: 6343.861 Thread 0x00000198e1c27220 Exception <a 'sun/nio/fs/WindowsException'{0x00000000eac4d950}> (0x00000000eac4d950) 
thrown [s\src\hotspot\share\prims\jni.cpp, line 516]
Event: 6354.985 Thread 0x00000198e1c27220 Exception <a 'sun/nio/fs/WindowsException'{0x00000000eb220208}> (0x00000000eb220208) 
thrown [s\src\hotspot\share\prims\jni.cpp, line 516]
Event: 6355.649 Thread 0x00000198e1c27220 Exception <a 'sun/nio/fs/WindowsException'{0x00000000eadc31a0}> (0x00000000eadc31a0) 
thrown [s\src\hotspot\share\prims\jni.cpp, line 516]
Event: 6357.355 Thread 0x00000198e1c27220 Exception <a 'sun/nio/fs/WindowsException'{0x00000000eaf4c250}> (0x00000000eaf4c250) 
thrown [s\src\hotspot\share\prims\jni.cpp, line 516]
Event: 6357.918 Thread 0x00000198e1c27220 Exception <a 'sun/nio/fs/WindowsException'{0x00000000eb36f540}> (0x00000000eb36f540) 
thrown [s\src\hotspot\share\prims\jni.cpp, line 516]

VM Operations (20 events):
Event: 6362.267 Executing VM operation: ParallelGCFailedAllocation done
Event: 6362.603 Executing VM operation: ParallelGCFailedAllocation
Event: 6362.607 Executing VM operation: ParallelGCFailedAllocation done
Event: 6362.651 Executing VM operation: ParallelGCFailedAllocation
Event: 6362.654 Executing VM operation: ParallelGCFailedAllocation done
Event: 6362.690 Executing VM operation: ParallelGCFailedAllocation
Event: 6362.695 Executing VM operation: ParallelGCFailedAllocation done
Event: 6363.373 Executing VM operation: ParallelGCFailedAllocation
Event: 6363.378 Executing VM operation: ParallelGCFailedAllocation done
Event: 6363.441 Executing VM operation: ParallelGCFailedAllocation
Event: 6363.445 Executing VM operation: ParallelGCFailedAllocation done
Event: 6363.593 Executing VM operation: ParallelGCFailedAllocation
Event: 6363.595 Executing VM operation: ParallelGCFailedAllocation done
Event: 6363.662 Executing VM operation: ParallelGCFailedAllocation
Event: 6363.666 Executing VM operation: ParallelGCFailedAllocation done
Event: 6364.438 Executing VM operation: ParallelGCFailedAllocation
Event: 6364.442 Executing VM operation: ParallelGCFailedAllocation done
Event: 6364.479 Executing VM operation: ParallelGCFailedAllocation
Event: 6364.482 Executing VM operation: ParallelGCFailedAllocation done
Event: 6364.526 Executing VM operation: ParallelGCFailedAllocation

Events (20 events):
Event: 6309.603 Thread 0x00000198e713c5a0 Thread exited: 0x00000198e713c5a0
Event: 6312.203 Thread 0x00000198e713c5a0 Thread added: 0x00000198e713c5a0
Event: 6312.222 Thread 0x00000198e713c5a0 Thread exited: 0x00000198e713c5a0
Event: 6312.285 Thread 0x00000198e7137d70 Thread added: 0x00000198e7137d70
Event: 6315.898 Thread 0x00000198e7136560 Thread added: 0x00000198e7136560
Event: 6315.939 Thread 0x00000198e7136560 Thread exited: 0x00000198e7136560
Event: 6317.072 Thread 0x00000198e7139f20 Thread added: 0x00000198e7139f20
Event: 6329.986 Thread 0x00000198e7136560 Thread added: 0x00000198e7136560
Event: 6330.135 Thread 0x00000198e7136560 Thread exited: 0x00000198e7136560
Event: 6336.634 Thread 0x00000198e713c5a0 Thread added: 0x00000198e713c5a0
Event: 6336.659 Thread 0x00000198e713c5a0 Thread exited: 0x00000198e713c5a0
Event: 6343.591 Thread 0x00000198e713c5a0 Thread added: 0x00000198e713c5a0
Event: 6343.626 Thread 0x00000198e713c5a0 Thread exited: 0x00000198e713c5a0
Event: 6343.650 Thread 0x00000198e713c5a0 Thread added: 0x00000198e713c5a0
Event: 6343.774 Thread 0x00000198e713c5a0 Thread exited: 0x00000198e713c5a0
Event: 6355.163 Thread 0x00000198e713c5a0 Thread added: 0x00000198e713c5a0
Event: 6355.195 Thread 0x00000198e713c5a0 Thread exited: 0x00000198e713c5a0
Event: 6357.601 Thread 0x00000198e713c5a0 Thread added: 0x00000198e713c5a0
Event: 6357.640 Thread 0x00000198e713c5a0 Thread exited: 0x00000198e713c5a0
Event: 6360.185 Thread 0x00000198e5d78110 Thread exited: 0x00000198e5d78110


Dynamic libraries:
0x00007ff78e090000 - 0x00007ff78e09e000 	c:\Users\Adriano\.vscode\extensions\redhat.java-1.12.0-win32-x64\jre\17.0.4.1-win32-x86_64\bin\java.exe
0x00007ffe98b70000 - 0x00007ffe98d68000 	C:\Windows\SYSTEM32\ntdll.dll
0x00007ffe97200000 - 0x00007ffe972bd000 	C:\Windows\System32\KERNEL32.DLL
0x00007ffe964b0000 - 0x00007ffe96782000 	C:\Windows\System32\KERNELBASE.dll
0x00007ffe934e0000 - 0x00007ffe93571000 	C:\Windows\SYSTEM32\apphelp.dll
0x00007ffe96ad0000 - 0x00007ffe96bd0000 	C:\Windows\System32\ucrtbase.dll
0x00007ffe83910000 - 0x00007ffe83928000 	c:\Users\Adriano\.vscode\extensions\redhat.java-1.12.0-win32-x64\jre\17.0.4.1-win32-x86_64\bin\jli.dll
0x00007ffe97ba0000 - 0x00007ffe97d3d000 	C:\Windows\System32\USER32.dll
0x00007ffe96480000 - 0x00007ffe964a2000 	C:\Windows\System32\win32u.dll
0x00007ffe97d40000 - 0x00007ffe97d6b000 	C:\Windows\System32\GDI32.dll
0x00007ffe96280000 - 0x00007ffe9638f000 	C:\Windows\System32\gdi32full.dll
0x00007ffe96390000 - 0x00007ffe9642d000 	C:\Windows\System32\msvcp_win.dll
0x00007ffe83890000 - 0x00007ffe838a9000 	c:\Users\Adriano\.vscode\extensions\redhat.java-1.12.0-win32-x64\jre\17.0.4.1-win32-x86_64\bin\VCRUNTIME140.dll
0x00007ffe83500000 - 0x00007ffe8379a000 	C:\Windows\WinSxS\amd64_microsoft.windows.common-controls_6595b64144ccf1df_6.0.19041.1110_none_60b5254171f9507e\COMCTL32.dll
0x00007ffe974b0000 - 0x00007ffe9754e000 	C:\Windows\System32\msvcrt.dll
0x00007ffe97b50000 - 0x00007ffe97b80000 	C:\Windows\System32\IMM32.DLL
0x00007ffe8dd80000 - 0x00007ffe8dd8c000 	c:\Users\Adriano\.vscode\extensions\redhat.java-1.12.0-win32-x64\jre\17.0.4.1-win32-x86_64\bin\vcruntime140_1.dll
0x00007ffe24e10000 - 0x00007ffe24ea1000 	c:\Users\Adriano\.vscode\extensions\redhat.java-1.12.0-win32-x64\jre\17.0.4.1-win32-x86_64\bin\msvcp140.dll
0x00007ffe1e290000 - 0x00007ffe1eed6000 	c:\Users\Adriano\.vscode\extensions\redhat.java-1.12.0-win32-x64\jre\17.0.4.1-win32-x86_64\bin\server\jvm.dll
0x00007ffe97a90000 - 0x00007ffe97b3e000 	C:\Windows\System32\ADVAPI32.dll
0x00007ffe97970000 - 0x00007ffe97a0c000 	C:\Windows\System32\sechost.dll
0x00007ffe97e90000 - 0x00007ffe97fb5000 	C:\Windows\System32\RPCRT4.dll
0x00007ffe98300000 - 0x00007ffe98308000 	C:\Windows\System32\PSAPI.DLL
0x00007ffe81600000 - 0x00007ffe81609000 	C:\Windows\SYSTEM32\WSOCK32.dll
0x00007ffe98ac0000 - 0x00007ffe98b2b000 	C:\Windows\System32\WS2_32.dll
0x00007ffe80970000 - 0x00007ffe80997000 	C:\Windows\SYSTEM32\WINMM.dll
0x00007ffe8caf0000 - 0x00007ffe8cafa000 	C:\Windows\SYSTEM32\VERSION.dll
0x00007ffe94a90000 - 0x00007ffe94aa2000 	C:\Windows\SYSTEM32\kernel.appcore.dll
0x00007ffe8dce0000 - 0x00007ffe8dcea000 	c:\Users\Adriano\.vscode\extensions\redhat.java-1.12.0-win32-x64\jre\17.0.4.1-win32-x86_64\bin\jimage.dll
0x00007ffe947a0000 - 0x00007ffe94984000 	C:\Windows\SYSTEM32\DBGHELP.DLL
0x00007ffe7d560000 - 0x00007ffe7d58c000 	C:\Windows\SYSTEM32\dbgcore.DLL
0x00007ffe96a40000 - 0x00007ffe96ac2000 	C:\Windows\System32\bcryptPrimitives.dll
0x00007ffe8d400000 - 0x00007ffe8d40e000 	c:\Users\Adriano\.vscode\extensions\redhat.java-1.12.0-win32-x64\jre\17.0.4.1-win32-x86_64\bin\instrument.dll
0x00007ffe7a630000 - 0x00007ffe7a655000 	c:\Users\Adriano\.vscode\extensions\redhat.java-1.12.0-win32-x64\jre\17.0.4.1-win32-x86_64\bin\java.dll
0x00007ffe82b00000 - 0x00007ffe82b18000 	c:\Users\Adriano\.vscode\extensions\redhat.java-1.12.0-win32-x64\jre\17.0.4.1-win32-x86_64\bin\zip.dll
0x00007ffe98370000 - 0x00007ffe98ab3000 	C:\Windows\System32\SHELL32.dll
0x00007ffe93f30000 - 0x00007ffe946c1000 	C:\Windows\SYSTEM32\windows.storage.dll
0x00007ffe97610000 - 0x00007ffe97964000 	C:\Windows\System32\combase.dll
0x00007ffe95c00000 - 0x00007ffe95c30000 	C:\Windows\SYSTEM32\Wldp.dll
0x00007ffe97560000 - 0x00007ffe9760d000 	C:\Windows\System32\SHCORE.dll
0x00007ffe97e30000 - 0x00007ffe97e85000 	C:\Windows\System32\shlwapi.dll
0x00007ffe961c0000 - 0x00007ffe961df000 	C:\Windows\SYSTEM32\profapi.dll
0x00007ffe7bb30000 - 0x00007ffe7bb49000 	C:\Users\Adriano\.vscode\extensions\redhat.java-1.12.0-win32-x64\jre\17.0.4.1-win32-x86_64\bin\net.dll
0x00007ffe8b450000 - 0x00007ffe8b55d000 	C:\Windows\SYSTEM32\WINHTTP.dll
0x00007ffe95960000 - 0x00007ffe959ca000 	C:\Windows\system32\mswsock.dll
0x00007ffe72e80000 - 0x00007ffe72e95000 	C:\Users\Adriano\.vscode\extensions\redhat.java-1.12.0-win32-x64\jre\17.0.4.1-win32-x86_64\bin\nio.dll
0x00007ffe8d290000 - 0x00007ffe8d2a0000 	c:\Users\Adriano\.vscode\extensions\redhat.java-1.12.0-win32-x64\jre\17.0.4.1-win32-x86_64\bin\verify.dll
0x00007ffe69500000 - 0x00007ffe6953e000 	C:\Users\Adriano\AppData\Roaming\Code\User\globalStorage\redhat.java\1.12.0\config_win\org.eclipse.equinox.launcher\org.eclipse.equinox.launcher.win32.win32.x86_64_1.2.600.v20220720-1916\eclipse_11700.dll
0x00007ffe96bd0000 - 0x00007ffe96cfa000 	C:\Windows\System32\ole32.dll
0x00007ffe8eb30000 - 0x00007ffe8eb39000 	C:\Users\Adriano\.vscode\extensions\redhat.java-1.12.0-win32-x64\jre\17.0.4.1-win32-x86_64\bin\management.dll
0x00007ffe8d190000 - 0x00007ffe8d19b000 	C:\Users\Adriano\.vscode\extensions\redhat.java-1.12.0-win32-x64\jre\17.0.4.1-win32-x86_64\bin\management_ext.dll
0x00007ffe95b50000 - 0x00007ffe95b68000 	C:\Windows\SYSTEM32\CRYPTSP.dll
0x00007ffe95240000 - 0x00007ffe95274000 	C:\Windows\system32\rsaenh.dll
0x00007ffe968f0000 - 0x00007ffe96917000 	C:\Windows\System32\bcrypt.dll
0x00007ffe96140000 - 0x00007ffe9616e000 	C:\Windows\SYSTEM32\USERENV.dll
0x00007ffe95b70000 - 0x00007ffe95b7c000 	C:\Windows\SYSTEM32\CRYPTBASE.dll
0x00007ffe95630000 - 0x00007ffe9566b000 	C:\Windows\SYSTEM32\IPHLPAPI.DLL
0x00007ffe97b40000 - 0x00007ffe97b48000 	C:\Windows\System32\NSI.dll
0x00007ffe86e60000 - 0x00007ffe86e77000 	C:\Windows\SYSTEM32\dhcpcsvc6.DLL
0x00007ffe8aa60000 - 0x00007ffe8aa7d000 	C:\Windows\SYSTEM32\dhcpcsvc.DLL
0x00007ffe95670000 - 0x00007ffe9573a000 	C:\Windows\SYSTEM32\DNSAPI.dll
0x00007ffe2b4b0000 - 0x00007ffe2b4f0000 	C:\Users\Adriano\AppData\Local\Temp\jna-529618408\jna7555980907027326166.dll
0x00007ffe915e0000 - 0x00007ffe915ee000 	C:\Users\Adriano\.vscode\extensions\redhat.java-1.12.0-win32-x64\jre\17.0.4.1-win32-x86_64\bin\sunmscapi.dll
0x00007ffe96790000 - 0x00007ffe968e6000 	C:\Windows\System32\CRYPT32.dll
0x00007ffe95c70000 - 0x00007ffe95c97000 	C:\Windows\SYSTEM32\ncrypt.dll
0x00007ffe95c30000 - 0x00007ffe95c6b000 	C:\Windows\SYSTEM32\NTASN1.dll
0x00007ffe819d0000 - 0x00007ffe819da000 	C:\Windows\System32\rasadhlp.dll
0x00007ffe83a20000 - 0x00007ffe83aa0000 	C:\Windows\System32\fwpuclnt.dll
0x00007ffe8ec90000 - 0x00007ffe8ec97000 	C:\Windows\system32\wshunix.dll

dbghelp: loaded successfully - version: 4.0.5 - missing functions: none
symbol engine: initialized successfully - sym options: 0x614 - pdb path: .;c:\Users\Adriano\.vscode\extensions\redhat.java-1.12.0-win32-x64\jre\17.0.4.1-win32-x86_64\bin;C:\Windows\SYSTEM32;C:\Windows\WinSxS\amd64_microsoft.windows.common-controls_6595b64144ccf1df_6.0.19041.1110_none_60b5254171f9507e;c:\Users\Adriano\.vscode\extensions\redhat.java-1.12.0-win32-x64\jre\17.0.4.1-win32-x86_64\bin\server;C:\Users\Adriano\AppData\Roaming\Code\User\globalStorage\redhat.java\1.12.0\config_win\org.eclipse.equinox.launcher\org.eclipse.equinox.launcher.win32.win32.x86_64_1.2.600.v20220720-1916;C:\Users\Adriano\AppData\Local\Temp\jna-529618408

VM Arguments:
jvm_args: --add-modules=ALL-SYSTEM --add-opens=java.base/java.util=ALL-UNNAMED --add-opens=java.base/java.lang=ALL-UNNAMED --add-opens=java.base/sun.nio.fs=ALL-UNNAMED -Declipse.application=org.eclipse.jdt.ls.core.id1 -Dosgi.bundles.defaultStartLevel=4 -Declipse.product=org.eclipse.jdt.ls.core.product -Djava.import.generatesMetadataFilesAtProjectRoot=false -Dfile.encoding=utf8 -XX:+UseParallelGC -XX:GCTimeRatio=4 -XX:AdaptiveSizePolicyWeight=90 -Dsun.zip.disableMemoryMapping=true -Xmx1G -Xms100m -Xlog:disable -javaagent:c:\Users\Adriano\.vscode\extensions\redhat.java-1.12.0-win32-x64\lombok\lombok-1.18.24.jar -XX:+HeapDumpOnOutOfMemoryError -XX:HeapDumpPath=c:\Users\Adriano\AppData\Roaming\Code\User\workspaceStorage\10ba2e140f30b5d63f56070ee94e64da\redhat.java 
java_command: c:\Users\Adriano\.vscode\extensions\redhat.java-1.12.0-win32-x64\server\plugins\org.eclipse.equinox.launcher_1.6.400.v20210924-0641.jar -configuration c:\Users\Adriano\AppData\Roaming\Code\User\globalStorage\redhat.java\1.12.0\config_win -data c:\Users\Adriano\AppData\Roaming\Code\User\workspaceStorage\10ba2e140f30b5d63f56070ee94e64da\redhat.java\jdt_ws
java_class_path (initial): c:\Users\Adriano\.vscode\extensions\redhat.java-1.12.0-win32-x64\server\plugins\org.eclipse.equinox.launcher_1.6.400.v20210924-0641.jar
Launcher Type: SUN_STANDARD

[Global flags]
    uintx AdaptiveSizePolicyWeight                 = 90                                        {product} {command line}
     intx CICompilerCount                          = 3                                         {product} {ergonomic}
    uintx GCTimeRatio                              = 4                                         {product} {command line}
     bool HeapDumpOnOutOfMemoryError               = true                                   {manageable} {command line}
    ccstr HeapDumpPath                             = c:\Users\Adriano\AppData\Roaming\Code\User\workspaceStorage\10ba2e140f30b5d63f56070ee94e64da\redhat.java         {manageable} {command line}
   size_t InitialHeapSize                          = 104857600                                 {product} {command line}
   size_t MaxHeapSize                              = 1073741824                                {product} {command line}
   size_t MaxNewSize                               = 357564416                                 {product} {ergonomic}
   size_t MinHeapDeltaBytes                        = 524288                                    {product} {ergonomic}
   size_t MinHeapSize                              = 104857600                                 {product} {command line}
   size_t NewSize                                  = 34603008                                  {product} {ergonomic}
    uintx NonNMethodCodeHeapSize                   = 5832780                                {pd product} {ergonomic}
    uintx NonProfiledCodeHeapSize                  = 122912730                              {pd product} {ergonomic}
   size_t OldSize                                  = 70254592                                  {product} {ergonomic}
    uintx ProfiledCodeHeapSize                     = 122912730                              {pd product} {ergonomic}
    uintx ReservedCodeCacheSize                    = 251658240                              {pd product} {ergonomic}
     bool SegmentedCodeCache                       = true                                      {product} {ergonomic}
   size_t SoftMaxHeapSize                          = 1073741824                             {manageable} {ergonomic}
     bool UseCompressedClassPointers               = true                           {product lp64_product} {ergonomic}
     bool UseCompressedOops                        = true                           {product lp64_product} {ergonomic}
     bool UseLargePagesIndividualAllocation        = false                                  {pd product} {ergonomic}
     bool UseParallelGC                            = true                                      {product} {command line}

Logging:
Log output configuration:
 #0: stdout all=off uptime,level,tags
 #1: stderr all=off uptime,level,tags

Environment Variables:
PATH=C:\Program Files\Common Files\Oracle\Java\javapath;C:\Windows\system32;C:\Windows;C:\Windows\System32\Wbem;C:\Windows\System32\WindowsPowerShell\v1.0\;C:\Windows\System32\OpenSSH\;C:\Program Files\Git\cmd;C:\Program Files\nodejs\;C:\ProgramData\ComposerSetup\bin;C:\Program Files\Docker\Docker\resources\bin;C:\ProgramData\DockerDesktop\version-bin;C:\Program Files\WireGuard\;C:\Program Files (x86)\dotnet\;C:\Program Files\MySQL\MySQL Shell 8.0\bin\;C:\Users\Adriano\AppData\Local\Microsoft\WindowsApps;C:\Users\Adriano\AppData\Local\Programs\Microsoft VS Code\bin;C:\Users\Adriano\AppData\Roaming\npm;C:\Program Files\PHP 8.1.2;C:\Users\Adriano\AppData\Roaming\Composer\vendor\bin;C:\Program Files\JetBrains\PhpStorm 2022.2\bin;
USERNAME=Adriano
OS=Windows_NT
PROCESSOR_IDENTIFIER=Intel64 Family 6 Model 142 Stepping 9, GenuineIntel
TMP=C:\Users\Adriano\AppData\Local\Temp
TEMP=C:\Users\Adriano\AppData\Local\Temp



---------------  S Y S T E M  ---------------

OS:
 Windows 10 , 64 bit Build 19041 (10.0.19041.1889)
OS uptime: 19 days 17:15 hours
Hyper-V role detected

CPU: total 4 (initial active 4) (2 cores per cpu, 2 threads per core) family 6 model 142 stepping 9 microcode 0xb4, cx8, cmov, fxsr, ht, mmx, 3dnowpref, sse, sse2, sse3, ssse3, sse4.1, sse4.2, popcnt, lzcnt, tsc, tscinvbit, avx, avx2, aes, erms, clmul, bmi1, bmi2, adx, fma, vzeroupper, clflush, clflushopt, hv

Memory: 4k page, system-wide physical 24442M (9547M free)
TotalPageFile size 28425M (AvailPageFile size 3999M)
current process WorkingSet (physical memory assigned to process): 910M, peak: 1035M
current process commit charge ("private bytes"): 835M, peak: 921M

vm_info: OpenJDK 64-Bit Server VM (17.0.4.1+1) for windows-amd64 JRE (17.0.4.1+1), built on Aug 17 2022 07:42:43 by "temurin" with MS VC++ 16.7 (VS2019)

END.
